running develop
running egg_info
creating my_disk_monitor.egg-info
writing my_disk_monitor.egg-info/PKG-INFO
writing dependency_links to my_disk_monitor.egg-info/dependency_links.txt
writing entry points to my_disk_monitor.egg-info/entry_points.txt
writing requirements to my_disk_monitor.egg-info/requires.txt
writing top-level names to my_disk_monitor.egg-info/top_level.txt
writing manifest file 'my_disk_monitor.egg-info/SOURCES.txt'
reading manifest file 'my_disk_monitor.egg-info/SOURCES.txt'
writing manifest file 'my_disk_monitor.egg-info/SOURCES.txt'
running build_ext
Creating /home/ryota/robosys2025_kadai2/install/my_disk_monitor/lib/python3.12/site-packages/my-disk-monitor.egg-link (link to .)
Installing monitor script to /home/ryota/robosys2025_kadai2/install/my_disk_monitor/lib/my_disk_monitor

Installed /home/ryota/robosys2025_kadai2/build/my_disk_monitor
running symlink_data
creating /home/ryota/robosys2025_kadai2/install/my_disk_monitor/share/ament_index
creating /home/ryota/robosys2025_kadai2/install/my_disk_monitor/share/ament_index/resource_index
creating /home/ryota/robosys2025_kadai2/install/my_disk_monitor/share/ament_index/resource_index/packages
symbolically linking /home/ryota/robosys2025_kadai2/build/my_disk_monitor/resource/my_disk_monitor -> /home/ryota/robosys2025_kadai2/install/my_disk_monitor/share/ament_index/resource_index/packages
symbolically linking /home/ryota/robosys2025_kadai2/build/my_disk_monitor/package.xml -> /home/ryota/robosys2025_kadai2/install/my_disk_monitor/share/my_disk_monitor
