[0.473s] DEBUG:colcon:Command line arguments: ['/usr/bin/colcon', 'build', '--symlink-install']
[0.473s] DEBUG:colcon:Parsed command line arguments: Namespace(log_base=None, log_level=None, verb_name='build', build_base='build', install_base='install', merge_install=False, symlink_install=True, test_result_base=None, continue_on_error=False, executor='parallel', parallel_workers=16, event_handlers=None, ignore_user_meta=False, metas=['./colcon.meta'], base_paths=['.'], packages_ignore=None, packages_ignore_regex=None, paths=None, packages_up_to=None, packages_up_to_regex=None, packages_above=None, packages_above_and_dependencies=None, packages_above_depth=None, packages_select_by_dep=None, packages_skip_by_dep=None, packages_skip_up_to=None, packages_select_build_failed=False, packages_skip_build_finished=False, packages_select_test_failures=False, packages_skip_test_passed=False, packages_select=None, packages_skip=None, packages_select_regex=None, packages_skip_regex=None, packages_start=None, packages_end=None, allow_overriding=[], cmake_args=None, cmake_target=None, cmake_target_skip_unavailable=False, cmake_clean_cache=False, cmake_clean_first=False, cmake_force_configure=False, ament_cmake_args=None, catkin_cmake_args=None, catkin_skip_building_tests=False, verb_parser=<colcon_defaults.argument_parser.defaults.DefaultArgumentsDecorator object at 0x731500572450>, verb_extension=<colcon_core.verb.build.BuildVerb object at 0x731500572210>, main=<bound method BuildVerb.main of <colcon_core.verb.build.BuildVerb object at 0x731500572210>>)
[0.595s] Level 1:colcon.colcon_core.package_discovery:discover_packages(colcon_meta) check parameters
[0.595s] Level 1:colcon.colcon_core.package_discovery:discover_packages(recursive) check parameters
[0.595s] Level 1:colcon.colcon_core.package_discovery:discover_packages(ignore) check parameters
[0.595s] Level 1:colcon.colcon_core.package_discovery:discover_packages(path) check parameters
[0.595s] Level 1:colcon.colcon_core.package_discovery:discover_packages(colcon_meta) discover
[0.596s] Level 1:colcon.colcon_core.package_discovery:discover_packages(recursive) discover
[0.596s] INFO:colcon.colcon_core.package_discovery:Crawling recursively for packages in '/home/ryota/robosys2025_kadai2'
[0.596s] Level 1:colcon.colcon_core.package_identification:_identify(.) by extensions ['ignore', 'ignore_ament_install']
[0.596s] Level 1:colcon.colcon_core.package_identification:_identify(.) by extension 'ignore'
[0.596s] Level 1:colcon.colcon_core.package_identification:_identify(.) by extension 'ignore_ament_install'
[0.596s] Level 1:colcon.colcon_core.package_identification:_identify(.) by extensions ['colcon_pkg']
[0.596s] Level 1:colcon.colcon_core.package_identification:_identify(.) by extension 'colcon_pkg'
[0.596s] Level 1:colcon.colcon_core.package_identification:_identify(.) by extensions ['colcon_meta']
[0.596s] Level 1:colcon.colcon_core.package_identification:_identify(.) by extension 'colcon_meta'
[0.596s] Level 1:colcon.colcon_core.package_identification:_identify(.) by extensions ['ros']
[0.596s] Level 1:colcon.colcon_core.package_identification:_identify(.) by extension 'ros'
[0.634s] Level 1:colcon.colcon_core.package_identification:_identify(.) by extensions ['cmake', 'python']
[0.634s] Level 1:colcon.colcon_core.package_identification:_identify(.) by extension 'cmake'
[0.634s] Level 1:colcon.colcon_core.package_identification:_identify(.) by extension 'python'
[0.634s] Level 1:colcon.colcon_core.package_identification:_identify(.) by extensions ['python_setup_py']
[0.634s] Level 1:colcon.colcon_core.package_identification:_identify(.) by extension 'python_setup_py'
[0.634s] Level 1:colcon.colcon_core.package_identification:_identify(build) by extensions ['ignore', 'ignore_ament_install']
[0.634s] Level 1:colcon.colcon_core.package_identification:_identify(build) by extension 'ignore'
[0.634s] Level 1:colcon.colcon_core.package_identification:_identify(build) ignored
[0.634s] Level 1:colcon.colcon_core.package_identification:_identify(install) by extensions ['ignore', 'ignore_ament_install']
[0.634s] Level 1:colcon.colcon_core.package_identification:_identify(install) by extension 'ignore'
[0.634s] Level 1:colcon.colcon_core.package_identification:_identify(install) ignored
[0.634s] Level 1:colcon.colcon_core.package_identification:_identify(log) by extensions ['ignore', 'ignore_ament_install']
[0.634s] Level 1:colcon.colcon_core.package_identification:_identify(log) by extension 'ignore'
[0.634s] Level 1:colcon.colcon_core.package_identification:_identify(log) ignored
[0.635s] Level 1:colcon.colcon_core.package_identification:_identify(my_disk_monitor) by extensions ['ignore', 'ignore_ament_install']
[0.635s] Level 1:colcon.colcon_core.package_identification:_identify(my_disk_monitor) by extension 'ignore'
[0.635s] Level 1:colcon.colcon_core.package_identification:_identify(my_disk_monitor) by extension 'ignore_ament_install'
[0.635s] Level 1:colcon.colcon_core.package_identification:_identify(my_disk_monitor) by extensions ['colcon_pkg']
[0.635s] Level 1:colcon.colcon_core.package_identification:_identify(my_disk_monitor) by extension 'colcon_pkg'
[0.635s] Level 1:colcon.colcon_core.package_identification:_identify(my_disk_monitor) by extensions ['colcon_meta']
[0.635s] Level 1:colcon.colcon_core.package_identification:_identify(my_disk_monitor) by extension 'colcon_meta'
[0.635s] Level 1:colcon.colcon_core.package_identification:_identify(my_disk_monitor) by extensions ['ros']
[0.635s] Level 1:colcon.colcon_core.package_identification:_identify(my_disk_monitor) by extension 'ros'
[0.641s] DEBUG:colcon.colcon_core.package_identification:Package 'my_disk_monitor' with type 'ros.ament_python' and name 'my_disk_monitor'
[0.641s] Level 1:colcon.colcon_core.package_discovery:discover_packages(recursive) using defaults
[0.641s] Level 1:colcon.colcon_core.package_discovery:discover_packages(ignore) discover
[0.641s] Level 1:colcon.colcon_core.package_discovery:discover_packages(ignore) using defaults
[0.641s] Level 1:colcon.colcon_core.package_discovery:discover_packages(path) discover
[0.641s] Level 1:colcon.colcon_core.package_discovery:discover_packages(path) using defaults
[0.689s] Level 1:colcon.colcon_core.package_discovery:discover_packages(prefix_path) check parameters
[0.689s] Level 1:colcon.colcon_core.package_discovery:discover_packages(prefix_path) discover
[0.700s] DEBUG:colcon.colcon_installed_package_information.package_discovery:Found 2 installed packages in /home/ryota/ros2_ws/install
[0.703s] DEBUG:colcon.colcon_installed_package_information.package_discovery:Found 285 installed packages in /opt/ros/jazzy
[0.704s] Level 1:colcon.colcon_core.package_discovery:discover_packages(prefix_path) using defaults
[0.843s] Level 5:colcon.colcon_core.verb:set package 'my_disk_monitor' build argument 'cmake_args' from command line to 'None'
[0.843s] Level 5:colcon.colcon_core.verb:set package 'my_disk_monitor' build argument 'cmake_target' from command line to 'None'
[0.843s] Level 5:colcon.colcon_core.verb:set package 'my_disk_monitor' build argument 'cmake_target_skip_unavailable' from command line to 'False'
[0.843s] Level 5:colcon.colcon_core.verb:set package 'my_disk_monitor' build argument 'cmake_clean_cache' from command line to 'False'
[0.843s] Level 5:colcon.colcon_core.verb:set package 'my_disk_monitor' build argument 'cmake_clean_first' from command line to 'False'
[0.843s] Level 5:colcon.colcon_core.verb:set package 'my_disk_monitor' build argument 'cmake_force_configure' from command line to 'False'
[0.843s] Level 5:colcon.colcon_core.verb:set package 'my_disk_monitor' build argument 'ament_cmake_args' from command line to 'None'
[0.843s] Level 5:colcon.colcon_core.verb:set package 'my_disk_monitor' build argument 'catkin_cmake_args' from command line to 'None'
[0.843s] Level 5:colcon.colcon_core.verb:set package 'my_disk_monitor' build argument 'catkin_skip_building_tests' from command line to 'False'
[0.843s] DEBUG:colcon.colcon_core.verb:Building package 'my_disk_monitor' with the following arguments: {'ament_cmake_args': None, 'build_base': '/home/ryota/robosys2025_kadai2/build/my_disk_monitor', 'catkin_cmake_args': None, 'catkin_skip_building_tests': False, 'cmake_args': None, 'cmake_clean_cache': False, 'cmake_clean_first': False, 'cmake_force_configure': False, 'cmake_target': None, 'cmake_target_skip_unavailable': False, 'install_base': '/home/ryota/robosys2025_kadai2/install/my_disk_monitor', 'merge_install': False, 'path': '/home/ryota/robosys2025_kadai2/my_disk_monitor', 'symlink_install': True, 'test_result_base': None}
[0.843s] INFO:colcon.colcon_core.executor:Executing jobs using 'parallel' executor
[0.846s] DEBUG:colcon.colcon_parallel_executor.executor.parallel:run_until_complete
[0.846s] INFO:colcon.colcon_ros.task.ament_python.build:Building ROS package in '/home/ryota/robosys2025_kadai2/my_disk_monitor' with build type 'ament_python'
[0.846s] Level 1:colcon.colcon_core.shell:create_environment_hook('my_disk_monitor', 'ament_prefix_path')
[0.858s] INFO:colcon.colcon_core.plugin_system:Skipping extension 'colcon_core.shell.bat': Not used on non-Windows systems
[0.858s] INFO:colcon.colcon_core.shell:Creating environment hook '/home/ryota/robosys2025_kadai2/install/my_disk_monitor/share/my_disk_monitor/hook/ament_prefix_path.ps1'
[0.861s] INFO:colcon.colcon_core.shell:Creating environment descriptor '/home/ryota/robosys2025_kadai2/install/my_disk_monitor/share/my_disk_monitor/hook/ament_prefix_path.dsv'
[0.862s] INFO:colcon.colcon_core.shell:Creating environment hook '/home/ryota/robosys2025_kadai2/install/my_disk_monitor/share/my_disk_monitor/hook/ament_prefix_path.sh'
[0.863s] INFO:colcon.colcon_core.shell:Skip shell extension 'powershell' for command environment: Not usable outside of PowerShell
[0.863s] DEBUG:colcon.colcon_core.shell:Skip shell extension 'dsv' for command environment
[1.152s] INFO:colcon.colcon_core.task.python.build:Building Python package in '/home/ryota/robosys2025_kadai2/my_disk_monitor'
[1.153s] INFO:colcon.colcon_core.shell:Skip shell extension 'powershell' for command environment: Not usable outside of PowerShell
[1.153s] DEBUG:colcon.colcon_core.shell:Skip shell extension 'dsv' for command environment
[2.555s] DEBUG:colcon.colcon_core.event_handler.log_command:Invoking command in '/home/ryota/robosys2025_kadai2/build/my_disk_monitor': CONDA_PROMPT_MODIFIER=(base) PYTHONPATH=/home/ryota/robosys2025_kadai2/build/my_disk_monitor/prefix_override:/usr/lib/python3/dist-packages/colcon_core/task/python/colcon_distutils_commands:/home/ryota/robosys2025_kadai2/install/my_disk_monitor/lib/python3.12/site-packages:${PYTHONPATH} /usr/bin/python3 -W ignore:setup.py install is deprecated -W ignore:easy_install command is deprecated setup.py develop --editable --build-directory /home/ryota/robosys2025_kadai2/build/my_disk_monitor/build --no-deps symlink_data
[3.230s] Level 1:colcon.colcon_core.shell:create_environment_hook('my_disk_monitor', 'pythonpath_develop')
[3.231s] DEBUG:colcon.colcon_core.event_handler.log_command:Invoked command in '/home/ryota/robosys2025_kadai2/build/my_disk_monitor' returned '0': CONDA_PROMPT_MODIFIER=(base) PYTHONPATH=/home/ryota/robosys2025_kadai2/build/my_disk_monitor/prefix_override:/usr/lib/python3/dist-packages/colcon_core/task/python/colcon_distutils_commands:/home/ryota/robosys2025_kadai2/install/my_disk_monitor/lib/python3.12/site-packages:${PYTHONPATH} /usr/bin/python3 -W ignore:setup.py install is deprecated -W ignore:easy_install command is deprecated setup.py develop --editable --build-directory /home/ryota/robosys2025_kadai2/build/my_disk_monitor/build --no-deps symlink_data
[3.231s] INFO:colcon.colcon_core.shell:Creating environment hook '/home/ryota/robosys2025_kadai2/build/my_disk_monitor/share/my_disk_monitor/hook/pythonpath_develop.ps1'
[3.233s] INFO:colcon.colcon_core.shell:Creating environment descriptor '/home/ryota/robosys2025_kadai2/build/my_disk_monitor/share/my_disk_monitor/hook/pythonpath_develop.dsv'
[3.233s] INFO:colcon.colcon_core.shell:Creating environment hook '/home/ryota/robosys2025_kadai2/build/my_disk_monitor/share/my_disk_monitor/hook/pythonpath_develop.sh'
[3.251s] Level 1:colcon.colcon_core.environment:checking '/home/ryota/robosys2025_kadai2/install/my_disk_monitor' for CMake module files
[3.251s] Level 1:colcon.colcon_core.environment:checking '/home/ryota/robosys2025_kadai2/install/my_disk_monitor' for CMake config files
[3.252s] Level 1:colcon.colcon_core.environment:checking '/home/ryota/robosys2025_kadai2/install/my_disk_monitor/lib'
[3.252s] Level 1:colcon.colcon_core.environment:checking '/home/ryota/robosys2025_kadai2/install/my_disk_monitor/bin'
[3.252s] Level 1:colcon.colcon_core.environment:checking '/home/ryota/robosys2025_kadai2/install/my_disk_monitor/lib/pkgconfig/my_disk_monitor.pc'
[3.253s] Level 1:colcon.colcon_core.environment:checking '/home/ryota/robosys2025_kadai2/install/my_disk_monitor/lib/python3.12/site-packages'
[3.253s] Level 1:colcon.colcon_core.shell:create_environment_hook('my_disk_monitor', 'pythonpath')
[3.253s] INFO:colcon.colcon_core.shell:Creating environment hook '/home/ryota/robosys2025_kadai2/install/my_disk_monitor/share/my_disk_monitor/hook/pythonpath.ps1'
[3.255s] INFO:colcon.colcon_core.shell:Creating environment descriptor '/home/ryota/robosys2025_kadai2/install/my_disk_monitor/share/my_disk_monitor/hook/pythonpath.dsv'
[3.255s] INFO:colcon.colcon_core.shell:Creating environment hook '/home/ryota/robosys2025_kadai2/install/my_disk_monitor/share/my_disk_monitor/hook/pythonpath.sh'
[3.257s] Level 1:colcon.colcon_core.environment:checking '/home/ryota/robosys2025_kadai2/install/my_disk_monitor/bin'
[3.257s] Level 1:colcon.colcon_core.environment:create_environment_scripts_only(my_disk_monitor)
[3.257s] INFO:colcon.colcon_core.shell:Creating package script '/home/ryota/robosys2025_kadai2/install/my_disk_monitor/share/my_disk_monitor/package.ps1'
[3.259s] INFO:colcon.colcon_core.shell:Creating package descriptor '/home/ryota/robosys2025_kadai2/install/my_disk_monitor/share/my_disk_monitor/package.dsv'
[3.261s] INFO:colcon.colcon_core.shell:Creating package script '/home/ryota/robosys2025_kadai2/install/my_disk_monitor/share/my_disk_monitor/package.sh'
[3.263s] INFO:colcon.colcon_core.shell:Creating package script '/home/ryota/robosys2025_kadai2/install/my_disk_monitor/share/my_disk_monitor/package.bash'
[3.266s] INFO:colcon.colcon_core.shell:Creating package script '/home/ryota/robosys2025_kadai2/install/my_disk_monitor/share/my_disk_monitor/package.zsh'
[3.268s] Level 1:colcon.colcon_core.environment:create_file_with_runtime_dependencies(/home/ryota/robosys2025_kadai2/install/my_disk_monitor/share/colcon-core/packages/my_disk_monitor)
[3.269s] DEBUG:colcon.colcon_parallel_executor.executor.parallel:closing loop
[3.270s] DEBUG:colcon.colcon_parallel_executor.executor.parallel:loop closed
[3.270s] DEBUG:colcon.colcon_parallel_executor.executor.parallel:run_until_complete finished with '0'
[3.270s] DEBUG:colcon.colcon_core.event_reactor:joining thread
[3.375s] INFO:colcon.colcon_core.plugin_system:Skipping extension 'colcon_notification.desktop_notification.notify_send': Could not find 'notify-send'
[3.375s] INFO:colcon.colcon_core.plugin_system:Skipping extension 'colcon_notification.desktop_notification.terminal_notifier': Not used on non-Darwin systems
[3.375s] INFO:colcon.colcon_core.plugin_system:Skipping extension 'colcon_notification.desktop_notification.win32': Not used on non-Windows systems
[3.375s] INFO:colcon.colcon_notification.desktop_notification:Sending desktop notification using 'notify2'
[3.456s] DEBUG:colcon.colcon_notification.desktop_notification.notify2:Failed to initialize notify2: org.freedesktop.DBus.Error.ServiceUnknown: The name org.freedesktop.Notifications was not provided by any .service files
[3.456s] DEBUG:colcon.colcon_core.event_reactor:joined thread
[3.457s] INFO:colcon.colcon_core.shell:Creating prefix script '/home/ryota/robosys2025_kadai2/install/local_setup.ps1'
[3.459s] INFO:colcon.colcon_core.shell:Creating prefix util module '/home/ryota/robosys2025_kadai2/install/_local_setup_util_ps1.py'
[3.461s] INFO:colcon.colcon_core.shell:Creating prefix chain script '/home/ryota/robosys2025_kadai2/install/setup.ps1'
[3.464s] INFO:colcon.colcon_core.shell:Creating prefix script '/home/ryota/robosys2025_kadai2/install/local_setup.sh'
[3.466s] INFO:colcon.colcon_core.shell:Creating prefix util module '/home/ryota/robosys2025_kadai2/install/_local_setup_util_sh.py'
[3.467s] INFO:colcon.colcon_core.shell:Creating prefix chain script '/home/ryota/robosys2025_kadai2/install/setup.sh'
[3.469s] INFO:colcon.colcon_core.shell:Creating prefix script '/home/ryota/robosys2025_kadai2/install/local_setup.bash'
[3.471s] INFO:colcon.colcon_core.shell:Creating prefix chain script '/home/ryota/robosys2025_kadai2/install/setup.bash'
[3.473s] INFO:colcon.colcon_core.shell:Creating prefix script '/home/ryota/robosys2025_kadai2/install/local_setup.zsh'
[3.476s] INFO:colcon.colcon_core.shell:Creating prefix chain script '/home/ryota/robosys2025_kadai2/install/setup.zsh'
