[0.175s] DEBUG:colcon:Command line arguments: ['/usr/bin/colcon', 'build', '--symlink-install']
[0.175s] DEBUG:colcon:Parsed command line arguments: Namespace(log_base=None, log_level=None, verb_name='build', build_base='build', install_base='install', merge_install=False, symlink_install=True, test_result_base=None, continue_on_error=False, executor='parallel', parallel_workers=16, event_handlers=None, ignore_user_meta=False, metas=['./colcon.meta'], base_paths=['.'], packages_ignore=None, packages_ignore_regex=None, paths=None, packages_up_to=None, packages_up_to_regex=None, packages_above=None, packages_above_and_dependencies=None, packages_above_depth=None, packages_select_by_dep=None, packages_skip_by_dep=None, packages_skip_up_to=None, packages_select_build_failed=False, packages_skip_build_finished=False, packages_select_test_failures=False, packages_skip_test_passed=False, packages_select=None, packages_skip=None, packages_select_regex=None, packages_skip_regex=None, packages_start=None, packages_end=None, allow_overriding=[], cmake_args=None, cmake_target=None, cmake_target_skip_unavailable=False, cmake_clean_cache=False, cmake_clean_first=False, cmake_force_configure=False, ament_cmake_args=None, catkin_cmake_args=None, catkin_skip_building_tests=False, verb_parser=<colcon_defaults.argument_parser.defaults.DefaultArgumentsDecorator object at 0x7bf59ad72ae0>, verb_extension=<colcon_core.verb.build.BuildVerb object at 0x7bf59ad72840>, main=<bound method BuildVerb.main of <colcon_core.verb.build.BuildVerb object at 0x7bf59ad72840>>)
[0.228s] Level 1:colcon.colcon_core.package_discovery:discover_packages(colcon_meta) check parameters
[0.228s] Level 1:colcon.colcon_core.package_discovery:discover_packages(recursive) check parameters
[0.228s] Level 1:colcon.colcon_core.package_discovery:discover_packages(ignore) check parameters
[0.228s] Level 1:colcon.colcon_core.package_discovery:discover_packages(path) check parameters
[0.228s] Level 1:colcon.colcon_core.package_discovery:discover_packages(colcon_meta) discover
[0.228s] Level 1:colcon.colcon_core.package_discovery:discover_packages(recursive) discover
[0.228s] INFO:colcon.colcon_core.package_discovery:Crawling recursively for packages in '/home/ryota/robosys2025_kadai2'
[0.228s] Level 1:colcon.colcon_core.package_identification:_identify(.) by extensions ['ignore', 'ignore_ament_install']
[0.228s] Level 1:colcon.colcon_core.package_identification:_identify(.) by extension 'ignore'
[0.229s] Level 1:colcon.colcon_core.package_identification:_identify(.) by extension 'ignore_ament_install'
[0.229s] Level 1:colcon.colcon_core.package_identification:_identify(.) by extensions ['colcon_pkg']
[0.229s] Level 1:colcon.colcon_core.package_identification:_identify(.) by extension 'colcon_pkg'
[0.229s] Level 1:colcon.colcon_core.package_identification:_identify(.) by extensions ['colcon_meta']
[0.229s] Level 1:colcon.colcon_core.package_identification:_identify(.) by extension 'colcon_meta'
[0.229s] Level 1:colcon.colcon_core.package_identification:_identify(.) by extensions ['ros']
[0.229s] Level 1:colcon.colcon_core.package_identification:_identify(.) by extension 'ros'
[0.260s] Level 1:colcon.colcon_core.package_identification:_identify(.) by extensions ['cmake', 'python']
[0.260s] Level 1:colcon.colcon_core.package_identification:_identify(.) by extension 'cmake'
[0.260s] Level 1:colcon.colcon_core.package_identification:_identify(.) by extension 'python'
[0.260s] Level 1:colcon.colcon_core.package_identification:_identify(.) by extensions ['python_setup_py']
[0.260s] Level 1:colcon.colcon_core.package_identification:_identify(.) by extension 'python_setup_py'
[0.260s] Level 1:colcon.colcon_core.package_identification:_identify(build) by extensions ['ignore', 'ignore_ament_install']
[0.260s] Level 1:colcon.colcon_core.package_identification:_identify(build) by extension 'ignore'
[0.260s] Level 1:colcon.colcon_core.package_identification:_identify(build) ignored
[0.260s] Level 1:colcon.colcon_core.package_identification:_identify(install) by extensions ['ignore', 'ignore_ament_install']
[0.261s] Level 1:colcon.colcon_core.package_identification:_identify(install) by extension 'ignore'
[0.261s] Level 1:colcon.colcon_core.package_identification:_identify(install) ignored
[0.261s] Level 1:colcon.colcon_core.package_identification:_identify(log) by extensions ['ignore', 'ignore_ament_install']
[0.261s] Level 1:colcon.colcon_core.package_identification:_identify(log) by extension 'ignore'
[0.261s] Level 1:colcon.colcon_core.package_identification:_identify(log) ignored
[0.261s] Level 1:colcon.colcon_core.package_identification:_identify(my_disk_monitor) by extensions ['ignore', 'ignore_ament_install']
[0.261s] Level 1:colcon.colcon_core.package_identification:_identify(my_disk_monitor) by extension 'ignore'
[0.261s] Level 1:colcon.colcon_core.package_identification:_identify(my_disk_monitor) by extension 'ignore_ament_install'
[0.261s] Level 1:colcon.colcon_core.package_identification:_identify(my_disk_monitor) by extensions ['colcon_pkg']
[0.261s] Level 1:colcon.colcon_core.package_identification:_identify(my_disk_monitor) by extension 'colcon_pkg'
[0.261s] Level 1:colcon.colcon_core.package_identification:_identify(my_disk_monitor) by extensions ['colcon_meta']
[0.261s] Level 1:colcon.colcon_core.package_identification:_identify(my_disk_monitor) by extension 'colcon_meta'
[0.261s] Level 1:colcon.colcon_core.package_identification:_identify(my_disk_monitor) by extensions ['ros']
[0.261s] Level 1:colcon.colcon_core.package_identification:_identify(my_disk_monitor) by extension 'ros'
[0.265s] DEBUG:colcon.colcon_core.package_identification:Package 'my_disk_monitor' with type 'ros.ament_python' and name 'my_disk_monitor'
[0.265s] Level 1:colcon.colcon_core.package_discovery:discover_packages(recursive) using defaults
[0.265s] Level 1:colcon.colcon_core.package_discovery:discover_packages(ignore) discover
[0.265s] Level 1:colcon.colcon_core.package_discovery:discover_packages(ignore) using defaults
[0.265s] Level 1:colcon.colcon_core.package_discovery:discover_packages(path) discover
[0.265s] Level 1:colcon.colcon_core.package_discovery:discover_packages(path) using defaults
[0.287s] Level 1:colcon.colcon_core.package_discovery:discover_packages(prefix_path) check parameters
[0.287s] Level 1:colcon.colcon_core.package_discovery:discover_packages(prefix_path) discover
[0.289s] DEBUG:colcon.colcon_installed_package_information.package_discovery:Found 1 installed packages in /home/ryota/robosys2025_kadai2/install
[0.290s] DEBUG:colcon.colcon_installed_package_information.package_discovery:Found 2 installed packages in /home/ryota/ros2_ws/install
[0.294s] DEBUG:colcon.colcon_installed_package_information.package_discovery:Found 285 installed packages in /opt/ros/jazzy
[0.295s] Level 1:colcon.colcon_core.package_discovery:discover_packages(prefix_path) using defaults
[0.367s] Level 5:colcon.colcon_core.verb:set package 'my_disk_monitor' build argument 'cmake_args' from command line to 'None'
[0.367s] Level 5:colcon.colcon_core.verb:set package 'my_disk_monitor' build argument 'cmake_target' from command line to 'None'
[0.367s] Level 5:colcon.colcon_core.verb:set package 'my_disk_monitor' build argument 'cmake_target_skip_unavailable' from command line to 'False'
[0.367s] Level 5:colcon.colcon_core.verb:set package 'my_disk_monitor' build argument 'cmake_clean_cache' from command line to 'False'
[0.367s] Level 5:colcon.colcon_core.verb:set package 'my_disk_monitor' build argument 'cmake_clean_first' from command line to 'False'
[0.367s] Level 5:colcon.colcon_core.verb:set package 'my_disk_monitor' build argument 'cmake_force_configure' from command line to 'False'
[0.367s] Level 5:colcon.colcon_core.verb:set package 'my_disk_monitor' build argument 'ament_cmake_args' from command line to 'None'
[0.367s] Level 5:colcon.colcon_core.verb:set package 'my_disk_monitor' build argument 'catkin_cmake_args' from command line to 'None'
[0.367s] Level 5:colcon.colcon_core.verb:set package 'my_disk_monitor' build argument 'catkin_skip_building_tests' from command line to 'False'
[0.367s] DEBUG:colcon.colcon_core.verb:Building package 'my_disk_monitor' with the following arguments: {'ament_cmake_args': None, 'build_base': '/home/ryota/robosys2025_kadai2/build/my_disk_monitor', 'catkin_cmake_args': None, 'catkin_skip_building_tests': False, 'cmake_args': None, 'cmake_clean_cache': False, 'cmake_clean_first': False, 'cmake_force_configure': False, 'cmake_target': None, 'cmake_target_skip_unavailable': False, 'install_base': '/home/ryota/robosys2025_kadai2/install/my_disk_monitor', 'merge_install': False, 'path': '/home/ryota/robosys2025_kadai2/my_disk_monitor', 'symlink_install': True, 'test_result_base': None}
[0.368s] INFO:colcon.colcon_core.executor:Executing jobs using 'parallel' executor
[0.369s] DEBUG:colcon.colcon_parallel_executor.executor.parallel:run_until_complete
[0.369s] INFO:colcon.colcon_ros.task.ament_python.build:Building ROS package in '/home/ryota/robosys2025_kadai2/my_disk_monitor' with build type 'ament_python'
[0.370s] Level 1:colcon.colcon_core.shell:create_environment_hook('my_disk_monitor', 'ament_prefix_path')
[0.374s] INFO:colcon.colcon_core.plugin_system:Skipping extension 'colcon_core.shell.bat': Not used on non-Windows systems
[0.374s] INFO:colcon.colcon_core.shell:Creating environment hook '/home/ryota/robosys2025_kadai2/install/my_disk_monitor/share/my_disk_monitor/hook/ament_prefix_path.ps1'
[0.375s] INFO:colcon.colcon_core.shell:Creating environment descriptor '/home/ryota/robosys2025_kadai2/install/my_disk_monitor/share/my_disk_monitor/hook/ament_prefix_path.dsv'
[0.377s] INFO:colcon.colcon_core.shell:Creating environment hook '/home/ryota/robosys2025_kadai2/install/my_disk_monitor/share/my_disk_monitor/hook/ament_prefix_path.sh'
[0.378s] INFO:colcon.colcon_core.shell:Skip shell extension 'powershell' for command environment: Not usable outside of PowerShell
[0.378s] DEBUG:colcon.colcon_core.shell:Skip shell extension 'dsv' for command environment
[0.647s] INFO:colcon.colcon_core.task.python.build:Building Python package in '/home/ryota/robosys2025_kadai2/my_disk_monitor'
[0.647s] INFO:colcon.colcon_core.shell:Skip shell extension 'powershell' for command environment: Not usable outside of PowerShell
[0.647s] DEBUG:colcon.colcon_core.shell:Skip shell extension 'dsv' for command environment
[1.335s] DEBUG:colcon.colcon_core.event_handler.log_command:Invoking command in '/home/ryota/robosys2025_kadai2/build/my_disk_monitor': CONDA_PROMPT_MODIFIER=(base) PYTHONPATH=/home/ryota/robosys2025_kadai2/build/my_disk_monitor/prefix_override:/usr/lib/python3/dist-packages/colcon_core/task/python/colcon_distutils_commands:/home/ryota/robosys2025_kadai2/install/my_disk_monitor/lib/python3.12/site-packages:${PYTHONPATH} /usr/bin/python3 -W ignore:setup.py install is deprecated -W ignore:easy_install command is deprecated setup.py develop --editable --build-directory /home/ryota/robosys2025_kadai2/build/my_disk_monitor/build --no-deps symlink_data
[2.067s] Level 1:colcon.colcon_core.shell:create_environment_hook('my_disk_monitor', 'pythonpath_develop')
[2.068s] DEBUG:colcon.colcon_core.event_handler.log_command:Invoked command in '/home/ryota/robosys2025_kadai2/build/my_disk_monitor' returned '0': CONDA_PROMPT_MODIFIER=(base) PYTHONPATH=/home/ryota/robosys2025_kadai2/build/my_disk_monitor/prefix_override:/usr/lib/python3/dist-packages/colcon_core/task/python/colcon_distutils_commands:/home/ryota/robosys2025_kadai2/install/my_disk_monitor/lib/python3.12/site-packages:${PYTHONPATH} /usr/bin/python3 -W ignore:setup.py install is deprecated -W ignore:easy_install command is deprecated setup.py develop --editable --build-directory /home/ryota/robosys2025_kadai2/build/my_disk_monitor/build --no-deps symlink_data
[2.068s] INFO:colcon.colcon_core.shell:Creating environment hook '/home/ryota/robosys2025_kadai2/build/my_disk_monitor/share/my_disk_monitor/hook/pythonpath_develop.ps1'
[2.070s] INFO:colcon.colcon_core.shell:Creating environment descriptor '/home/ryota/robosys2025_kadai2/build/my_disk_monitor/share/my_disk_monitor/hook/pythonpath_develop.dsv'
[2.071s] INFO:colcon.colcon_core.shell:Creating environment hook '/home/ryota/robosys2025_kadai2/build/my_disk_monitor/share/my_disk_monitor/hook/pythonpath_develop.sh'
[2.076s] Level 1:colcon.colcon_core.environment:checking '/home/ryota/robosys2025_kadai2/install/my_disk_monitor' for CMake module files
[2.077s] Level 1:colcon.colcon_core.environment:checking '/home/ryota/robosys2025_kadai2/install/my_disk_monitor' for CMake config files
[2.078s] Level 1:colcon.colcon_core.environment:checking '/home/ryota/robosys2025_kadai2/install/my_disk_monitor/lib'
[2.078s] Level 1:colcon.colcon_core.environment:checking '/home/ryota/robosys2025_kadai2/install/my_disk_monitor/bin'
[2.078s] Level 1:colcon.colcon_core.environment:checking '/home/ryota/robosys2025_kadai2/install/my_disk_monitor/lib/pkgconfig/my_disk_monitor.pc'
[2.078s] Level 1:colcon.colcon_core.environment:checking '/home/ryota/robosys2025_kadai2/install/my_disk_monitor/lib/python3.12/site-packages'
[2.078s] Level 1:colcon.colcon_core.shell:create_environment_hook('my_disk_monitor', 'pythonpath')
[2.079s] INFO:colcon.colcon_core.shell:Creating environment hook '/home/ryota/robosys2025_kadai2/install/my_disk_monitor/share/my_disk_monitor/hook/pythonpath.ps1'
[2.079s] INFO:colcon.colcon_core.shell:Creating environment descriptor '/home/ryota/robosys2025_kadai2/install/my_disk_monitor/share/my_disk_monitor/hook/pythonpath.dsv'
[2.079s] INFO:colcon.colcon_core.shell:Creating environment hook '/home/ryota/robosys2025_kadai2/install/my_disk_monitor/share/my_disk_monitor/hook/pythonpath.sh'
[2.080s] Level 1:colcon.colcon_core.environment:checking '/home/ryota/robosys2025_kadai2/install/my_disk_monitor/bin'
[2.080s] Level 1:colcon.colcon_core.environment:create_environment_scripts_only(my_disk_monitor)
[2.081s] INFO:colcon.colcon_core.shell:Creating package script '/home/ryota/robosys2025_kadai2/install/my_disk_monitor/share/my_disk_monitor/package.ps1'
[2.082s] INFO:colcon.colcon_core.shell:Creating package descriptor '/home/ryota/robosys2025_kadai2/install/my_disk_monitor/share/my_disk_monitor/package.dsv'
[2.082s] INFO:colcon.colcon_core.shell:Creating package script '/home/ryota/robosys2025_kadai2/install/my_disk_monitor/share/my_disk_monitor/package.sh'
[2.083s] INFO:colcon.colcon_core.shell:Creating package script '/home/ryota/robosys2025_kadai2/install/my_disk_monitor/share/my_disk_monitor/package.bash'
[2.084s] INFO:colcon.colcon_core.shell:Creating package script '/home/ryota/robosys2025_kadai2/install/my_disk_monitor/share/my_disk_monitor/package.zsh'
[2.085s] Level 1:colcon.colcon_core.environment:create_file_with_runtime_dependencies(/home/ryota/robosys2025_kadai2/install/my_disk_monitor/share/colcon-core/packages/my_disk_monitor)
[2.085s] DEBUG:colcon.colcon_parallel_executor.executor.parallel:closing loop
[2.087s] DEBUG:colcon.colcon_parallel_executor.executor.parallel:loop closed
[2.087s] DEBUG:colcon.colcon_parallel_executor.executor.parallel:run_until_complete finished with '0'
[2.087s] DEBUG:colcon.colcon_core.event_reactor:joining thread
[2.170s] INFO:colcon.colcon_core.plugin_system:Skipping extension 'colcon_notification.desktop_notification.notify_send': Could not find 'notify-send'
[2.170s] INFO:colcon.colcon_core.plugin_system:Skipping extension 'colcon_notification.desktop_notification.terminal_notifier': Not used on non-Darwin systems
[2.170s] INFO:colcon.colcon_core.plugin_system:Skipping extension 'colcon_notification.desktop_notification.win32': Not used on non-Windows systems
[2.170s] INFO:colcon.colcon_notification.desktop_notification:Sending desktop notification using 'notify2'
[2.174s] DEBUG:colcon.colcon_notification.desktop_notification.notify2:Failed to initialize notify2: org.freedesktop.DBus.Error.ServiceUnknown: The name org.freedesktop.Notifications was not provided by any .service files
[2.175s] DEBUG:colcon.colcon_core.event_reactor:joined thread
[2.175s] INFO:colcon.colcon_core.shell:Creating prefix script '/home/ryota/robosys2025_kadai2/install/local_setup.ps1'
[2.176s] INFO:colcon.colcon_core.shell:Creating prefix util module '/home/ryota/robosys2025_kadai2/install/_local_setup_util_ps1.py'
[2.178s] INFO:colcon.colcon_core.shell:Creating prefix chain script '/home/ryota/robosys2025_kadai2/install/setup.ps1'
[2.180s] INFO:colcon.colcon_core.shell:Creating prefix script '/home/ryota/robosys2025_kadai2/install/local_setup.sh'
[2.181s] INFO:colcon.colcon_core.shell:Creating prefix util module '/home/ryota/robosys2025_kadai2/install/_local_setup_util_sh.py'
[2.182s] INFO:colcon.colcon_core.shell:Creating prefix chain script '/home/ryota/robosys2025_kadai2/install/setup.sh'
[2.184s] INFO:colcon.colcon_core.shell:Creating prefix script '/home/ryota/robosys2025_kadai2/install/local_setup.bash'
[2.185s] INFO:colcon.colcon_core.shell:Creating prefix chain script '/home/ryota/robosys2025_kadai2/install/setup.bash'
[2.186s] INFO:colcon.colcon_core.shell:Creating prefix script '/home/ryota/robosys2025_kadai2/install/local_setup.zsh'
[2.188s] INFO:colcon.colcon_core.shell:Creating prefix chain script '/home/ryota/robosys2025_kadai2/install/setup.zsh'
